\BOOKMARK [1][-]{section.1}{1 \040Introduction}{}% 1
\BOOKMARK [1][-]{section.2}{2 \040Continuous System}{}% 2
\BOOKMARK [2][-]{subsection.2.1}{2.1 \040Coupling to a Lip Reed}{section.2}% 3
\BOOKMARK [1][-]{section.3}{3 \040Discretisation}{}% 4
\BOOKMARK [2][-]{subsection.3.1}{3.1 \040Numerical Methods}{section.3}% 5
\BOOKMARK [2][-]{subsection.3.2}{3.2 \040Discrete Tube}{section.3}% 6
\BOOKMARK [2][-]{subsection.3.3}{3.3 \040Lip reed}{section.3}% 7
\BOOKMARK [1][-]{section.4}{4 \040Dynamic grid}{}% 8
\BOOKMARK [2][-]{subsection.4.1}{4.1 \040Changing the Tube Length}{section.4}% 9
\BOOKMARK [2][-]{subsection.4.2}{4.2 \040Adding and removing grid points}{section.4}% 10
\BOOKMARK [2][-]{subsection.4.3}{4.3 \040Drift of w}{section.4}% 11
\BOOKMARK [2][-]{subsection.4.4}{4.4 \040State Correction}{section.4}% 12
\BOOKMARK [1][-]{section.5}{5 \040Implementation}{}% 13
\BOOKMARK [2][-]{subsection.5.1}{5.1 \040Parameters}{section.5}% 14
\BOOKMARK [2][-]{subsection.5.2}{5.2 \040Limit on speed of change}{section.5}% 15
\BOOKMARK [2][-]{subsection.5.3}{5.3 \040State correction}{section.5}% 16
\BOOKMARK [2][-]{subsection.5.4}{5.4 \040Graphical User Interface and Control Mapping}{section.5}% 17
\BOOKMARK [2][-]{subsection.5.5}{5.5 \040Order of Calculation}{section.5}% 18
\BOOKMARK [1][-]{section.6}{6 \040Results and Discussion}{}% 19
\BOOKMARK [1][-]{section.7}{7 \040Conclusion}{}% 20
\BOOKMARK [1][-]{section.8}{8 \040Acknowledgements}{}% 21
\BOOKMARK [1][-]{section.9}{9 \040References}{}% 22
